{"E:\\react\\extend-excel\\src\\index.ts": {"path":"E:\\react\\extend-excel\\src\\index.ts","statementMap":{"0":{"start":{"line":7,"column":20},"end":{"line":50,"column":1}},"1":{"start":{"line":12,"column":73},"end":{"line":12,"column":86}},"2":{"start":{"line":13,"column":2},"end":{"line":15,"column":3}},"3":{"start":{"line":14,"column":4},"end":{"line":14,"column":66}},"4":{"start":{"line":17,"column":15},"end":{"line":34,"column":12}},"5":{"start":{"line":19,"column":17},"end":{"line":19,"column":32}},"6":{"start":{"line":20,"column":21},"end":{"line":31,"column":12}},"7":{"start":{"line":21,"column":8},"end":{"line":29,"column":9}},"8":{"start":{"line":22,"column":10},"end":{"line":28,"column":11}},"9":{"start":{"line":23,"column":25},"end":{"line":23,"column":41}},"10":{"start":{"line":24,"column":25},"end":{"line":24,"column":53}},"11":{"start":{"line":25,"column":12},"end":{"line":25,"column":32}},"12":{"start":{"line":27,"column":12},"end":{"line":27,"column":43}},"13":{"start":{"line":30,"column":8},"end":{"line":30,"column":22}},"14":{"start":{"line":32,"column":6},"end":{"line":32,"column":19}},"15":{"start":{"line":35,"column":29},"end":{"line":35,"column":50}},"16":{"start":{"line":36,"column":31},"end":{"line":36,"column":61}},"17":{"start":{"line":37,"column":2},"end":{"line":37,"column":62}},"18":{"start":{"line":39,"column":32},"end":{"line":44,"column":3}},"19":{"start":{"line":45,"column":16},"end":{"line":45,"column":43}},"20":{"start":{"line":46,"column":2},"end":{"line":49,"column":3}},"21":{"start":{"line":52,"column":20},"end":{"line":87,"column":1}},"22":{"start":{"line":56,"column":71},"end":{"line":56,"column":84}},"23":{"start":{"line":57,"column":15},"end":{"line":57,"column":24}},"24":{"start":{"line":58,"column":29},"end":{"line":58,"column":45}},"25":{"start":{"line":59,"column":2},"end":{"line":59,"column":33}},"26":{"start":{"line":60,"column":2},"end":{"line":86,"column":4}},"27":{"start":{"line":61,"column":4},"end":{"line":85,"column":5}},"28":{"start":{"line":62,"column":6},"end":{"line":84,"column":7}},"29":{"start":{"line":63,"column":21},"end":{"line":63,"column":39}},"30":{"start":{"line":64,"column":25},"end":{"line":64,"column":80}},"31":{"start":{"line":65,"column":39},"end":{"line":65,"column":41}},"32":{"start":{"line":67,"column":8},"end":{"line":77,"column":9}},"33":{"start":{"line":68,"column":10},"end":{"line":76,"column":11}},"34":{"start":{"line":69,"column":12},"end":{"line":69,"column":42}},"35":{"start":{"line":70,"column":12},"end":{"line":72,"column":13}},"36":{"start":{"line":74,"column":12},"end":{"line":74,"column":32}},"37":{"start":{"line":74,"column":27},"end":{"line":74,"column":32}},"38":{"start":{"line":79,"column":8},"end":{"line":79,"column":104}},"39":{"start":{"line":79,"column":62},"end":{"line":79,"column":104}},"40":{"start":{"line":81,"column":8},"end":{"line":81,"column":40}},"41":{"start":{"line":83,"column":8},"end":{"line":83,"column":17}},"42":{"start":{"line":89,"column":20},"end":{"line":102,"column":1}},"43":{"start":{"line":90,"column":36},"end":{"line":90,"column":38}},"44":{"start":{"line":91,"column":2},"end":{"line":100,"column":3}},"45":{"start":{"line":91,"column":19},"end":{"line":91,"column":20}},"46":{"start":{"line":92,"column":22},"end":{"line":92,"column":33}},"47":{"start":{"line":93,"column":36},"end":{"line":93,"column":38}},"48":{"start":{"line":94,"column":4},"end":{"line":98,"column":5}},"49":{"start":{"line":95,"column":6},"end":{"line":97,"column":7}},"50":{"start":{"line":96,"column":8},"end":{"line":96,"column":51}},"51":{"start":{"line":99,"column":4},"end":{"line":99,"column":66}},"52":{"start":{"line":99,"column":42},"end":{"line":99,"column":66}},"53":{"start":{"line":101,"column":2},"end":{"line":101,"column":18}},"54":{"start":{"line":104,"column":20},"end":{"line":108,"column":1}}},"fnMap":{"0":{"name":"(anonymous_0)","decl":{"start":{"line":7,"column":20},"end":{"line":7,"column":21}},"loc":{"start":{"line":11,"column":5},"end":{"line":50,"column":1}},"line":11},"1":{"name":"(anonymous_1)","decl":{"start":{"line":18,"column":9},"end":{"line":18,"column":10}},"loc":{"start":{"line":18,"column":34},"end":{"line":33,"column":5}},"line":18},"2":{"name":"(anonymous_2)","decl":{"start":{"line":20,"column":44},"end":{"line":20,"column":45}},"loc":{"start":{"line":20,"column":77},"end":{"line":31,"column":7}},"line":20},"3":{"name":"(anonymous_3)","decl":{"start":{"line":52,"column":20},"end":{"line":52,"column":21}},"loc":{"start":{"line":55,"column":7},"end":{"line":87,"column":1}},"line":55},"4":{"name":"(anonymous_4)","decl":{"start":{"line":60,"column":21},"end":{"line":60,"column":22}},"loc":{"start":{"line":60,"column":42},"end":{"line":86,"column":3}},"line":60},"5":{"name":"(anonymous_5)","decl":{"start":{"line":61,"column":20},"end":{"line":61,"column":21}},"loc":{"start":{"line":61,"column":56},"end":{"line":85,"column":5}},"line":61},"6":{"name":"(anonymous_6)","decl":{"start":{"line":89,"column":20},"end":{"line":89,"column":21}},"loc":{"start":{"line":89,"column":91},"end":{"line":102,"column":1}},"line":89}},"branchMap":{"0":{"loc":{"start":{"line":12,"column":10},"end":{"line":12,"column":29}},"type":"default-arg","locations":[{"start":{"line":12,"column":21},"end":{"line":12,"column":29}}],"line":12},"1":{"loc":{"start":{"line":12,"column":31},"end":{"line":12,"column":51}},"type":"default-arg","locations":[{"start":{"line":12,"column":43},"end":{"line":12,"column":51}}],"line":12},"2":{"loc":{"start":{"line":12,"column":53},"end":{"line":12,"column":68}},"type":"default-arg","locations":[{"start":{"line":12,"column":66},"end":{"line":12,"column":68}}],"line":12},"3":{"loc":{"start":{"line":12,"column":73},"end":{"line":12,"column":86}},"type":"binary-expr","locations":[{"start":{"line":12,"column":73},"end":{"line":12,"column":80}},{"start":{"line":12,"column":84},"end":{"line":12,"column":86}}],"line":12},"4":{"loc":{"start":{"line":13,"column":2},"end":{"line":15,"column":3}},"type":"if","locations":[{"start":{"line":13,"column":2},"end":{"line":15,"column":3}},{"start":{},"end":{}}],"line":13},"5":{"loc":{"start":{"line":13,"column":6},"end":{"line":13,"column":47}},"type":"binary-expr","locations":[{"start":{"line":13,"column":6},"end":{"line":13,"column":17}},{"start":{"line":13,"column":21},"end":{"line":13,"column":47}}],"line":13},"6":{"loc":{"start":{"line":21,"column":8},"end":{"line":29,"column":9}},"type":"if","locations":[{"start":{"line":21,"column":8},"end":{"line":29,"column":9}},{"start":{},"end":{}}],"line":21},"7":{"loc":{"start":{"line":22,"column":10},"end":{"line":28,"column":11}},"type":"if","locations":[{"start":{"line":22,"column":10},"end":{"line":28,"column":11}},{"start":{"line":26,"column":17},"end":{"line":28,"column":11}}],"line":22},"8":{"loc":{"start":{"line":22,"column":14},"end":{"line":22,"column":62}},"type":"binary-expr","locations":[{"start":{"line":22,"column":14},"end":{"line":22,"column":26}},{"start":{"line":22,"column":30},"end":{"line":22,"column":62}}],"line":22},"9":{"loc":{"start":{"line":56,"column":10},"end":{"line":56,"column":27}},"type":"default-arg","locations":[{"start":{"line":56,"column":22},"end":{"line":56,"column":27}}],"line":56},"10":{"loc":{"start":{"line":56,"column":29},"end":{"line":56,"column":49}},"type":"default-arg","locations":[{"start":{"line":56,"column":47},"end":{"line":56,"column":49}}],"line":56},"11":{"loc":{"start":{"line":56,"column":51},"end":{"line":56,"column":66}},"type":"default-arg","locations":[{"start":{"line":56,"column":64},"end":{"line":56,"column":66}}],"line":56},"12":{"loc":{"start":{"line":56,"column":71},"end":{"line":56,"column":84}},"type":"binary-expr","locations":[{"start":{"line":56,"column":71},"end":{"line":56,"column":78}},{"start":{"line":56,"column":82},"end":{"line":56,"column":84}}],"line":56},"13":{"loc":{"start":{"line":68,"column":10},"end":{"line":76,"column":11}},"type":"if","locations":[{"start":{"line":68,"column":10},"end":{"line":76,"column":11}},{"start":{},"end":{}}],"line":68},"14":{"loc":{"start":{"line":74,"column":12},"end":{"line":74,"column":32}},"type":"if","locations":[{"start":{"line":74,"column":12},"end":{"line":74,"column":32}},{"start":{},"end":{}}],"line":74},"15":{"loc":{"start":{"line":79,"column":8},"end":{"line":79,"column":104}},"type":"if","locations":[{"start":{"line":79,"column":8},"end":{"line":79,"column":104}},{"start":{},"end":{}}],"line":79},"16":{"loc":{"start":{"line":79,"column":12},"end":{"line":79,"column":60}},"type":"binary-expr","locations":[{"start":{"line":79,"column":12},"end":{"line":79,"column":22}},{"start":{"line":79,"column":26},"end":{"line":79,"column":60}}],"line":79},"17":{"loc":{"start":{"line":95,"column":6},"end":{"line":97,"column":7}},"type":"if","locations":[{"start":{"line":95,"column":6},"end":{"line":97,"column":7}},{"start":{},"end":{}}],"line":95},"18":{"loc":{"start":{"line":99,"column":4},"end":{"line":99,"column":66}},"type":"if","locations":[{"start":{"line":99,"column":4},"end":{"line":99,"column":66}},{"start":{},"end":{}}],"line":99}},"s":{"0":1,"1":1,"2":1,"3":0,"4":1,"5":2,"6":2,"7":6,"8":6,"9":0,"10":0,"11":0,"12":6,"13":6,"14":2,"15":1,"16":1,"17":1,"18":1,"19":1,"20":1,"21":1,"22":2,"23":2,"24":2,"25":2,"26":2,"27":2,"28":2,"29":2,"30":2,"31":2,"32":2,"33":4,"34":4,"35":4,"36":4,"37":0,"38":2,"39":1,"40":2,"41":0,"42":1,"43":2,"44":2,"45":2,"46":3,"47":3,"48":3,"49":17,"50":11,"51":3,"52":3,"53":2,"54":1},"f":{"0":1,"1":2,"2":6,"3":2,"4":2,"5":2,"6":2},"b":{"0":[1],"1":[1],"2":[1],"3":[1,1],"4":[0,1],"5":[1,1],"6":[6,0],"7":[0,6],"8":[6,6],"9":[2],"10":[2],"11":[1],"12":[2,1],"13":[4,0],"14":[0,4],"15":[1,1],"16":[2,2],"17":[11,6],"18":[3,0]},"_coverageSchema":"1a1c01bbd47fc00a2c39e90264f33305004495a9","hash":"7836c17f04e8da1d68b3d1f01eb6d251f061295f"}
}
