{"E:\\react\\extend-excel\\src\\index.ts": {"path":"E:\\react\\extend-excel\\src\\index.ts","statementMap":{"0":{"start":{"line":7,"column":20},"end":{"line":54,"column":1}},"1":{"start":{"line":16,"column":46},"end":{"line":16,"column":53}},"2":{"start":{"line":17,"column":2},"end":{"line":19,"column":3}},"3":{"start":{"line":18,"column":4},"end":{"line":18,"column":66}},"4":{"start":{"line":21,"column":15},"end":{"line":38,"column":12}},"5":{"start":{"line":23,"column":17},"end":{"line":23,"column":32}},"6":{"start":{"line":24,"column":21},"end":{"line":35,"column":12}},"7":{"start":{"line":25,"column":8},"end":{"line":33,"column":9}},"8":{"start":{"line":26,"column":10},"end":{"line":32,"column":11}},"9":{"start":{"line":27,"column":25},"end":{"line":27,"column":41}},"10":{"start":{"line":28,"column":25},"end":{"line":28,"column":53}},"11":{"start":{"line":29,"column":12},"end":{"line":29,"column":32}},"12":{"start":{"line":31,"column":12},"end":{"line":31,"column":43}},"13":{"start":{"line":34,"column":8},"end":{"line":34,"column":22}},"14":{"start":{"line":36,"column":6},"end":{"line":36,"column":19}},"15":{"start":{"line":39,"column":29},"end":{"line":39,"column":50}},"16":{"start":{"line":40,"column":31},"end":{"line":40,"column":61}},"17":{"start":{"line":41,"column":2},"end":{"line":41,"column":62}},"18":{"start":{"line":43,"column":32},"end":{"line":48,"column":3}},"19":{"start":{"line":49,"column":16},"end":{"line":49,"column":43}},"20":{"start":{"line":50,"column":2},"end":{"line":53,"column":3}},"21":{"start":{"line":56,"column":20},"end":{"line":91,"column":1}},"22":{"start":{"line":63,"column":41},"end":{"line":63,"column":48}},"23":{"start":{"line":64,"column":15},"end":{"line":64,"column":24}},"24":{"start":{"line":65,"column":29},"end":{"line":65,"column":45}},"25":{"start":{"line":66,"column":2},"end":{"line":66,"column":33}},"26":{"start":{"line":67,"column":2},"end":{"line":90,"column":4}},"27":{"start":{"line":68,"column":4},"end":{"line":89,"column":5}},"28":{"start":{"line":69,"column":6},"end":{"line":88,"column":7}},"29":{"start":{"line":70,"column":21},"end":{"line":70,"column":39}},"30":{"start":{"line":71,"column":25},"end":{"line":71,"column":80}},"31":{"start":{"line":72,"column":37},"end":{"line":72,"column":39}},"32":{"start":{"line":74,"column":8},"end":{"line":84,"column":9}},"33":{"start":{"line":75,"column":10},"end":{"line":83,"column":11}},"34":{"start":{"line":76,"column":12},"end":{"line":76,"column":42}},"35":{"start":{"line":77,"column":12},"end":{"line":79,"column":13}},"36":{"start":{"line":81,"column":12},"end":{"line":81,"column":32}},"37":{"start":{"line":81,"column":27},"end":{"line":81,"column":32}},"38":{"start":{"line":85,"column":8},"end":{"line":85,"column":40}},"39":{"start":{"line":87,"column":8},"end":{"line":87,"column":17}},"40":{"start":{"line":101,"column":2},"end":{"line":105,"column":3}},"41":{"start":{"line":102,"column":4},"end":{"line":102,"column":35}},"42":{"start":{"line":104,"column":4},"end":{"line":104,"column":33}},"43":{"start":{"line":106,"column":2},"end":{"line":106,"column":12}}},"fnMap":{"0":{"name":"(anonymous_0)","decl":{"start":{"line":7,"column":20},"end":{"line":7,"column":21}},"loc":{"start":{"line":15,"column":5},"end":{"line":54,"column":1}},"line":15},"1":{"name":"(anonymous_1)","decl":{"start":{"line":22,"column":9},"end":{"line":22,"column":10}},"loc":{"start":{"line":22,"column":34},"end":{"line":37,"column":5}},"line":22},"2":{"name":"(anonymous_2)","decl":{"start":{"line":24,"column":44},"end":{"line":24,"column":45}},"loc":{"start":{"line":24,"column":77},"end":{"line":35,"column":7}},"line":24},"3":{"name":"(anonymous_3)","decl":{"start":{"line":56,"column":20},"end":{"line":56,"column":21}},"loc":{"start":{"line":62,"column":5},"end":{"line":91,"column":1}},"line":62},"4":{"name":"(anonymous_4)","decl":{"start":{"line":67,"column":21},"end":{"line":67,"column":22}},"loc":{"start":{"line":67,"column":42},"end":{"line":90,"column":3}},"line":67},"5":{"name":"(anonymous_5)","decl":{"start":{"line":68,"column":20},"end":{"line":68,"column":21}},"loc":{"start":{"line":68,"column":56},"end":{"line":89,"column":5}},"line":68},"6":{"name":"callWithErrorHandling","decl":{"start":{"line":99,"column":16},"end":{"line":99,"column":37}},"loc":{"start":{"line":99,"column":70},"end":{"line":107,"column":1}},"line":99}},"branchMap":{"0":{"loc":{"start":{"line":10,"column":2},"end":{"line":14,"column":3}},"type":"default-arg","locations":[{"start":{"line":10,"column":32},"end":{"line":14,"column":3}}],"line":10},"1":{"loc":{"start":{"line":17,"column":2},"end":{"line":19,"column":3}},"type":"if","locations":[{"start":{"line":17,"column":2},"end":{"line":19,"column":3}},{"start":{},"end":{}}],"line":17},"2":{"loc":{"start":{"line":17,"column":6},"end":{"line":17,"column":47}},"type":"binary-expr","locations":[{"start":{"line":17,"column":6},"end":{"line":17,"column":17}},{"start":{"line":17,"column":21},"end":{"line":17,"column":47}}],"line":17},"3":{"loc":{"start":{"line":25,"column":8},"end":{"line":33,"column":9}},"type":"if","locations":[{"start":{"line":25,"column":8},"end":{"line":33,"column":9}},{"start":{},"end":{}}],"line":25},"4":{"loc":{"start":{"line":26,"column":10},"end":{"line":32,"column":11}},"type":"if","locations":[{"start":{"line":26,"column":10},"end":{"line":32,"column":11}},{"start":{"line":30,"column":17},"end":{"line":32,"column":11}}],"line":26},"5":{"loc":{"start":{"line":26,"column":14},"end":{"line":26,"column":62}},"type":"binary-expr","locations":[{"start":{"line":26,"column":14},"end":{"line":26,"column":26}},{"start":{"line":26,"column":30},"end":{"line":26,"column":62}}],"line":26},"6":{"loc":{"start":{"line":58,"column":2},"end":{"line":61,"column":3}},"type":"default-arg","locations":[{"start":{"line":58,"column":32},"end":{"line":61,"column":3}}],"line":58},"7":{"loc":{"start":{"line":75,"column":10},"end":{"line":83,"column":11}},"type":"if","locations":[{"start":{"line":75,"column":10},"end":{"line":83,"column":11}},{"start":{},"end":{}}],"line":75},"8":{"loc":{"start":{"line":81,"column":12},"end":{"line":81,"column":32}},"type":"if","locations":[{"start":{"line":81,"column":12},"end":{"line":81,"column":32}},{"start":{},"end":{}}],"line":81},"9":{"loc":{"start":{"line":102,"column":10},"end":{"line":102,"column":35}},"type":"cond-expr","locations":[{"start":{"line":102,"column":17},"end":{"line":102,"column":28}},{"start":{"line":102,"column":31},"end":{"line":102,"column":35}}],"line":102}},"s":{"0":1,"1":1,"2":1,"3":0,"4":1,"5":2,"6":2,"7":6,"8":6,"9":0,"10":0,"11":0,"12":6,"13":6,"14":2,"15":1,"16":1,"17":1,"18":1,"19":1,"20":1,"21":1,"22":1,"23":1,"24":1,"25":1,"26":1,"27":1,"28":1,"29":1,"30":1,"31":1,"32":1,"33":2,"34":2,"35":2,"36":2,"37":0,"38":1,"39":0,"40":0,"41":0,"42":0,"43":0},"f":{"0":1,"1":2,"2":6,"3":1,"4":1,"5":1,"6":0},"b":{"0":[1],"1":[0,1],"2":[1,1],"3":[6,0],"4":[0,6],"5":[6,6],"6":[1],"7":[2,0],"8":[0,2],"9":[0,0]},"_coverageSchema":"1a1c01bbd47fc00a2c39e90264f33305004495a9","hash":"681627e0885b95b6c1a31a34028b4ca20471f088"}
}
