TN:
SF:src\index.ts
FN:7,(anonymous_0)
FN:22,(anonymous_1)
FN:24,(anonymous_2)
FN:51,(anonymous_3)
FN:62,(anonymous_4)
FN:63,(anonymous_5)
FN:94,callWithErrorHandling
FNF:7
FNH:6
FNDA:1,(anonymous_0)
FNDA:2,(anonymous_1)
FNDA:6,(anonymous_2)
FNDA:1,(anonymous_3)
FNDA:1,(anonymous_4)
FNDA:1,(anonymous_5)
FNDA:0,callWithErrorHandling
DA:7,1
DA:16,1
DA:17,1
DA:18,0
DA:21,1
DA:23,2
DA:24,2
DA:25,6
DA:26,6
DA:27,0
DA:28,0
DA:29,0
DA:31,6
DA:34,6
DA:36,2
DA:39,1
DA:40,1
DA:41,1
DA:43,1
DA:44,1
DA:45,1
DA:51,1
DA:58,1
DA:59,1
DA:60,1
DA:61,1
DA:62,1
DA:63,1
DA:64,1
DA:65,1
DA:66,1
DA:67,1
DA:69,1
DA:70,2
DA:71,2
DA:72,2
DA:76,2
DA:80,1
DA:82,0
DA:99,0
DA:100,0
DA:102,0
DA:104,0
LF:43
LH:34
BRDA:10,0,0,1
BRDA:17,1,0,0
BRDA:17,1,1,1
BRDA:17,2,0,1
BRDA:17,2,1,1
BRDA:25,3,0,6
BRDA:25,3,1,0
BRDA:26,4,0,0
BRDA:26,4,1,6
BRDA:26,5,0,6
BRDA:26,5,1,6
BRDA:53,6,0,1
BRDA:70,7,0,2
BRDA:70,7,1,0
BRDA:76,8,0,0
BRDA:76,8,1,2
BRDA:100,9,0,0
BRDA:100,9,1,0
BRF:18
BRH:11
end_of_record
